<?xml version="1.0" encoding="UTF-8"?>
<testng-results ignored="0" total="1" passed="1" failed="0" skipped="0">
  <reporter-output>
  </reporter-output>
  <suite started-at="2022-07-12T16:31:07 EDT" name="Default suite" finished-at="2022-07-12T16:31:09 EDT" duration-ms="2230">
    <groups>
    </groups>
    <test started-at="2022-07-12T16:31:07 EDT" name="Default test" finished-at="2022-07-12T16:31:09 EDT" duration-ms="2230">
      <class name="com.review.api.APITestingWithTesstNG">
        <test-method is-config="true" signature="setup()[pri:0, instance:com.review.api.APITestingWithTesstNG@72e5a8e]" started-at="2022-07-12T16:31:07 EDT" name="setup" finished-at="2022-07-12T16:31:09 EDT" duration-ms="2188" status="PASS">
          <reporter-output>
          </reporter-output>
        </test-method> <!-- setup -->
        <test-method signature="checkStatusCode()[pri:0, instance:com.review.api.APITestingWithTesstNG@72e5a8e]" started-at="2022-07-12T16:31:09 EDT" name="checkStatusCode" finished-at="2022-07-12T16:31:09 EDT" duration-ms="12" status="PASS">
          <reporter-output>
          </reporter-output>
        </test-method> <!-- checkStatusCode -->
        <test-method is-config="true" signature="teardown()[pri:0, instance:com.review.api.APITestingWithTesstNG@72e5a8e]" started-at="2022-07-12T16:31:09 EDT" name="teardown" finished-at="2022-07-12T16:31:09 EDT" duration-ms="0" status="PASS">
          <reporter-output>
          </reporter-output>
        </test-method> <!-- teardown -->
      </class> <!-- com.review.api.APITestingWithTesstNG -->
    </test> <!-- Default test -->
  </suite> <!-- Default suite -->
</testng-results>
